2025-06-13 16:08:49,759 - __________________________________________
2025-06-13 16:08:49,759 - 进程 0 启动...
2025-06-13 16:08:49,760 - [进程 0] 初始化完成，开始持续采集数据
2025-06-13 16:09:00,161 - 第1步，走一步要花: 10.400703191757202
2025-06-13 16:15:05,497 - 第21步，走一步要花: 18.36294174194336
2025-06-13 16:21:10,224 - 第41步，走一步要花: 18.12714982032776
2025-06-13 16:23:48,228 - [进程 0] 收到中断信号，正在保存最终数据...
2025-06-13 16:23:48,229 - 进程 0 结束.
2025-06-13 16:38:35,414 - __________________________________________
2025-06-13 16:38:35,414 - 进程 0 启动...
2025-06-13 16:38:35,414 - [进程 0] 初始化完成，开始持续采集数据
2025-06-13 16:38:45,238 - 第1步，走一步要花: 9.822665452957153
2025-06-13 16:44:35,868 - 第21步，走一步要花: 17.69900345802307
2025-06-13 16:50:34,101 - 第41步，走一步要花: 18.54294514656067
2025-06-13 16:56:36,003 - 第61步，走一步要花: 19.21639084815979
2025-06-13 17:00:28,784 - 🏆 玩家 2 获胜！
2025-06-13 17:00:29,295 - [进程 0] 第 1 局结束，总步数: 74, 胜者: 2
2025-06-13 17:00:48,557 - 第1步，走一步要花: 18.261474609375
2025-06-13 17:03:39,718 - [进程 0] 收到中断信号，正在保存最终数据...
2025-06-13 17:03:39,719 - 进程 0 结束.
