2025-06-13 16:08:52,191 - __________________________________________
2025-06-13 16:08:52,192 - 进程 1 启动...
2025-06-13 16:08:52,192 - [进程 1] 初始化完成，开始持续采集数据
2025-06-13 16:09:04,393 - 第1步，走一步要花: 12.198502779006958
2025-06-13 16:15:05,480 - 第21步，走一步要花: 17.669920444488525
2025-06-13 16:21:09,213 - 第41步，走一步要花: 18.084534645080566
2025-06-13 16:23:48,228 - [进程 1] 收到中断信号，正在保存最终数据...
2025-06-13 16:23:48,229 - 进程 1 结束.
2025-06-13 16:38:38,125 - __________________________________________
2025-06-13 16:38:38,125 - 进程 1 启动...
2025-06-13 16:38:38,126 - [进程 1] 初始化完成，开始持续采集数据
2025-06-13 16:38:48,754 - 第1步，走一步要花: 10.624192714691162
2025-06-13 16:42:04,343 - 🏆 玩家 2 获胜！
2025-06-13 16:42:04,445 - [进程 1] 第 1 局结束，总步数: 12, 胜者: 2
2025-06-13 16:42:23,707 - 第1步，走一步要花: 18.262224912643433
2025-06-13 16:48:21,939 - 第21步，走一步要花: 18.722472429275513
2025-06-13 16:54:21,881 - 第41步，走一步要花: 18.46908211708069
2025-06-13 17:00:18,046 - 第61步，走一步要花: 17.91792130470276
2025-06-13 17:03:39,718 - [进程 1] 收到中断信号，正在保存最终数据...
2025-06-13 17:03:39,719 - 进程 1 结束.
