2025-06-13 16:08:54,756 - __________________________________________
2025-06-13 16:08:54,757 - 进程 2 启动...
2025-06-13 16:08:54,758 - [进程 2] 初始化完成，开始持续采集数据
2025-06-13 16:09:08,615 - 第1步，走一步要花: 13.856572389602661
2025-06-13 16:15:14,700 - 第21步，走一步要花: 18.153637170791626
2025-06-13 16:21:11,608 - 第41步，走一步要花: 17.78926706314087
2025-06-13 16:23:48,229 - [进程 2] 收到中断信号，正在保存最终数据...
2025-06-13 16:23:48,229 - 进程 2 结束.
2025-06-13 16:38:40,882 - __________________________________________
2025-06-13 16:38:40,882 - 进程 2 启动...
2025-06-13 16:38:40,883 - [进程 2] 初始化完成，开始持续采集数据
2025-06-13 16:38:53,010 - 第1步，走一步要花: 12.126006364822388
2025-06-13 16:44:52,159 - 第21步，走一步要花: 18.137600898742676
2025-06-13 16:47:34,874 - 🏆 玩家 2 获胜！
2025-06-13 16:47:35,101 - [进程 2] 第 1 局结束，总步数: 30, 胜者: 2
2025-06-13 16:47:54,262 - 第1步，走一步要花: 18.160659790039062
2025-06-13 16:53:52,927 - 第21步，走一步要花: 17.834481477737427
2025-06-13 16:59:57,002 - 第41步，走一步要花: 17.6376211643219
2025-06-13 17:03:39,718 - [进程 2] 收到中断信号，正在保存最终数据...
2025-06-13 17:03:39,718 - 进程 2 结束.
