2025-06-14 09:22:40,684 - __________________________________________
2025-06-14 09:22:40,684 - 进程 3 启动...
2025-06-14 09:22:40,685 - [进程 3] 初始化完成，开始持续采集数据
2025-06-14 09:22:54,799 - 第1步，走一步要花: 14.113801717758179
2025-06-14 09:49:37,492 - __________________________________________
2025-06-14 09:49:37,492 - 进程 3 启动...
2025-06-14 09:49:37,493 - [进程 3] 初始化完成，开始持续采集数据
2025-06-14 09:49:37,493 - 📂 正在加载历史数据: data/data_buffer_process_3.pkl
2025-06-14 09:49:38,777 - 📥 成功加载 0 局, 5610 条数据
2025-06-14 09:52:09,417 - __________________________________________
2025-06-14 09:52:09,418 - 进程 3 启动...
2025-06-14 09:52:09,419 - [进程 3] 初始化完成，开始持续采集数据
2025-06-14 09:52:09,419 - 📂 正在加载历史数据: data/data_buffer_process_3.pkl
2025-06-14 09:52:10,789 - 📥 成功加载 0 局, 5610 条数据
2025-06-14 09:52:25,102 - 第1步，走一步要花: 14.311607837677002
2025-06-14 09:52:26,060 - [进程 3] 收到中断信号，正在保存最终数据...
2025-06-14 09:52:26,060 - 进程 3 结束.
2025-06-14 09:55:03,384 - __________________________________________
2025-06-14 09:55:03,384 - 进程 3 启动...
2025-06-14 09:55:03,385 - [进程 3] 初始化完成，开始持续采集数据
2025-06-14 09:55:03,386 - 📂 正在加载历史数据: data/data_buffer_process_3.pkl
2025-06-14 10:00:36,952 - [进程 3] 收到中断信号，正在保存最终数据...
2025-06-14 10:00:36,952 - 进程 3 结束.
2025-06-14 10:08:57,419 - __________________________________________
2025-06-14 10:08:57,419 - 进程 3 启动...
2025-06-14 10:08:57,420 - [进程 3] 初始化完成，开始持续采集数据
2025-06-14 10:08:57,421 - 📂 正在加载历史数据: data/data_buffer_process_3.pkl
2025-06-14 10:08:58,535 - 📥 成功加载 40 局, 5610 条数据
2025-06-14 10:09:21,545 - 第1步，走一步要花: 23.008936405181885
2025-06-14 10:11:00,696 - [进程 3] 收到中断信号，正在保存最终数据...
2025-06-14 10:11:00,697 - 进程 3 结束.
2025-06-14 10:12:12,080 - __________________________________________
2025-06-14 10:12:12,080 - 进程 3 启动...
2025-06-14 10:12:12,082 - [进程 3] 初始化完成，开始持续采集数据
2025-06-14 10:12:12,082 - 📂 正在加载历史数据: data/data_buffer_process_3.pkl
2025-06-14 10:12:13,322 - 📥 成功加载 40 局, 5610 条数据
2025-06-14 10:12:34,407 - [进程 3] 收到中断信号，正在保存最终数据...
2025-06-14 10:12:34,408 - 进程 3 结束.
2025-06-14 10:13:19,859 - __________________________________________
2025-06-14 10:13:19,860 - 进程 3 启动...
2025-06-14 10:13:19,861 - [进程 3] 初始化完成，开始持续采集数据
2025-06-14 10:13:19,861 - 📂 正在加载历史数据: data/data_buffer_process_3.pkl
2025-06-14 10:13:21,034 - 📥 成功加载 40 局, 5610 条数据
2025-06-14 10:13:42,982 - 第1步，走一步要花: 21.946542024612427
2025-06-14 10:21:51,241 - 第21步，走一步要花: 25.184375286102295
2025-06-14 10:29:31,061 - [进程 3] 收到中断信号，正在保存最终数据...
2025-06-14 10:29:31,062 - 进程 3 结束.
2025-06-14 10:33:08,403 - __________________________________________
2025-06-14 10:33:08,403 - 进程 3 启动...
2025-06-14 10:33:08,404 - [进程 3] 初始化完成，开始持续采集数据
2025-06-14 10:33:08,404 - 📂 正在加载历史数据: data/data_buffer_process_3.pkl
2025-06-14 10:33:09,626 - 📥 成功加载 40 局, 5610 条数据
2025-06-14 10:33:33,537 - [进程 3] 收到中断信号，正在保存最终数据...
2025-06-14 10:33:33,538 - 进程 3 结束.
2025-06-14 10:35:47,577 - __________________________________________
2025-06-14 10:35:47,578 - 进程 3 启动...
2025-06-14 10:35:47,579 - [进程 3] 初始化完成，开始持续采集数据
2025-06-14 10:35:47,580 - 📂 正在加载历史数据: data/data_buffer_process_3.pkl
2025-06-14 10:35:48,740 - 📥 成功加载 40 局, 5610 条数据
2025-06-14 10:36:17,559 - 第1步，走一步要花: 28.818095207214355
2025-06-14 10:36:21,986 - [进程 3] 收到中断信号，正在保存最终数据...
2025-06-14 10:36:21,987 - 进程 3 结束.
2025-06-14 11:02:06,679 - __________________________________________
2025-06-14 11:02:06,683 - 进程 3 启动...
2025-06-14 11:02:06,685 - [进程 3] 初始化完成，开始持续采集数据
2025-06-14 11:02:06,685 - 📂 正在加载历史数据: data/data_buffer_process_3.pkl
2025-06-14 11:02:08,443 - 📥 成功加载 40 局, 5610 条数据
2025-06-14 11:02:38,883 - __________________________________________
2025-06-14 11:02:38,883 - 进程 3 启动...
2025-06-14 11:02:38,884 - [进程 3] 初始化完成，开始持续采集数据
2025-06-14 11:02:38,884 - 📂 正在加载历史数据: data/data_buffer_process_3.pkl
2025-06-14 11:02:40,125 - 📥 成功加载 40 局, 5610 条数据
2025-06-14 11:03:07,264 - 第1步，走一步要花: 27.13713574409485
2025-06-14 11:09:37,010 - [进程 3] 收到中断信号，正在保存最终数据...
2025-06-14 11:09:37,011 - 进程 3 结束.
2025-06-14 11:51:53,263 - __________________________________________
2025-06-14 11:51:53,264 - 进程 3 启动...
2025-06-14 11:51:53,265 - [进程 3] 初始化完成，开始持续采集数据
2025-06-14 11:51:53,265 - 📂 正在加载历史数据: data/data_buffer_process_3.pkl
2025-06-14 11:51:54,376 - 📥 成功加载 40 局, 5610 条数据
2025-06-14 11:52:21,517 - 第1步，走一步要花: 27.13848304748535
2025-06-14 12:00:00,797 - [进程 3] 收到中断信号，正在保存最终数据...
2025-06-14 12:00:00,797 - 进程 3 结束.
2025-06-14 12:04:53,600 - __________________________________________
2025-06-14 12:04:53,601 - 进程 3 启动...
2025-06-14 12:04:53,602 - [进程 3] 初始化完成，开始持续采集数据
2025-06-14 12:04:53,602 - 📂 正在加载历史数据: data/data_buffer_process_3.pkl
2025-06-14 12:04:54,868 - 📥 成功加载 40 局, 5610 条数据
2025-06-14 12:05:14,053 - 第1步，走一步要花: 19.18474769592285
2025-06-14 12:11:22,296 - 第21步，走一步要花: 17.914283990859985
2025-06-14 12:14:59,853 - 🏆 玩家 1 获胜！
2025-06-14 12:15:01,084 - [进程 3] 第 41 局结束，总步数: 33, 胜者: 1
2025-06-14 12:15:20,263 - 第1步，走一步要花: 18.17815113067627
2025-06-14 12:21:19,637 - 第21步，走一步要花: 17.743014335632324
2025-06-14 12:26:58,697 - 🏆 玩家 2 获胜！
2025-06-14 12:27:00,086 - [进程 3] 第 42 局结束，总步数: 40, 胜者: 2
2025-06-14 12:27:19,084 - 第1步，走一步要花: 17.99738836288452
2025-06-14 12:33:16,452 - 第21步，走一步要花: 17.882002592086792
2025-06-14 12:39:16,033 - 第41步，走一步要花: 18.377002716064453
2025-06-14 12:45:20,476 - 第61步，走一步要花: 17.850882291793823
2025-06-14 12:49:30,117 - 🏆 玩家 1 获胜！
2025-06-14 12:49:31,757 - [进程 3] 第 43 局结束，总步数: 75, 胜者: 1
2025-06-14 12:49:51,026 - 第1步，走一步要花: 18.268415689468384
2025-06-14 12:55:59,274 - 第21步，走一步要花: 18.21672749519348
2025-06-14 13:02:06,201 - 第41步，走一步要花: 18.04618215560913
2025-06-14 13:03:40,059 - 🏆 玩家 2 获胜！
2025-06-14 13:03:41,450 - [进程 3] 第 44 局结束，总步数: 46, 胜者: 2
2025-06-14 13:04:00,492 - 第1步，走一步要花: 18.041256427764893
2025-06-14 13:10:02,651 - 第21步，走一步要花: 18.384098052978516
2025-06-14 13:16:05,470 - 第41步，走一步要花: 18.21687340736389
2025-06-14 13:18:49,151 - 🏆 玩家 2 获胜！
2025-06-14 13:18:50,703 - [进程 3] 第 45 局结束，总步数: 50, 胜者: 2
2025-06-14 13:19:10,034 - 第1步，走一步要花: 18.330032348632812
2025-06-14 13:25:09,267 - 第21步，走一步要花: 18.193039178848267
2025-06-14 13:31:13,767 - 第41步，走一步要花: 18.613137245178223
2025-06-14 13:37:19,034 - 第61步，走一步要花: 18.170976877212524
2025-06-14 13:40:03,689 - 🏆 玩家 2 获胜！
2025-06-14 13:40:05,243 - [进程 3] 第 46 局结束，总步数: 70, 胜者: 2
2025-06-14 13:40:24,609 - 第1步，走一步要花: 18.365071058273315
2025-06-14 13:46:25,993 - 第21步，走一步要花: 18.446775674819946
2025-06-14 13:51:02,835 - 🏆 玩家 2 获胜！
2025-06-14 13:51:04,272 - [进程 3] 第 47 局结束，总步数: 36, 胜者: 2
2025-06-14 13:51:23,771 - 第1步，走一步要花: 18.499009370803833
2025-06-14 13:57:30,022 - 第21步，走一步要花: 17.94767689704895
2025-06-14 14:00:17,990 - 🏆 玩家 2 获胜！
2025-06-14 14:00:19,397 - [进程 3] 第 48 局结束，总步数: 30, 胜者: 2
2025-06-14 14:00:38,994 - 第1步，走一步要花: 18.59583044052124
2025-06-14 14:06:48,996 - 第21步，走一步要花: 18.357126235961914
2025-06-14 14:12:46,806 - 第41步，走一步要花: 18.089443922042847
2025-06-14 14:17:01,748 - 🏆 玩家 1 获胜！
2025-06-14 14:17:03,427 - [进程 3] 第 49 局结束，总步数: 55, 胜者: 1
2025-06-14 14:17:22,498 - 第1步，走一步要花: 18.071577548980713
2025-06-14 14:23:21,622 - 第21步，走一步要花: 17.969807624816895
2025-06-14 14:26:02,971 - 🏆 玩家 2 获胜！
2025-06-14 14:26:04,514 - [进程 3] 第 50 局结束，总步数: 30, 胜者: 2
2025-06-14 14:26:23,863 - 第1步，走一步要花: 18.3478364944458
2025-06-14 14:30:16,743 - 🏆 玩家 2 获胜！
2025-06-14 14:30:18,307 - [进程 3] 第 51 局结束，总步数: 14, 胜者: 2
2025-06-14 14:30:37,569 - 第1步，走一步要花: 18.260777950286865
2025-06-14 14:36:39,936 - 第21步，走一步要花: 18.219247817993164
2025-06-14 14:42:40,941 - 第41步，走一步要花: 17.714043140411377
2025-06-14 14:48:52,326 - 第61步，走一步要花: 19.21253490447998
2025-06-14 14:49:09,945 - 🏆 玩家 2 获胜！
2025-06-14 14:49:11,654 - [进程 3] 第 52 局结束，总步数: 62, 胜者: 2
2025-06-14 14:49:30,918 - 第1步，走一步要花: 18.26270890235901
2025-06-14 14:55:29,159 - 第21步，走一步要花: 17.417320728302002
2025-06-14 14:58:11,649 - 🏆 玩家 2 获胜！
2025-06-14 14:58:13,161 - [进程 3] 第 53 局结束，总步数: 30, 胜者: 2
2025-06-14 14:58:32,114 - 第1步，走一步要花: 17.952388525009155
2025-06-14 15:00:58,595 - 🏆 玩家 1 获胜！
2025-06-14 15:01:00,401 - [进程 3] 第 54 局结束，总步数: 9, 胜者: 1
2025-06-14 15:01:19,599 - 第1步，走一步要花: 18.197567462921143
2025-06-14 15:07:15,508 - 第21步，走一步要花: 17.395901441574097
2025-06-14 15:13:27,806 - 第41步，走一步要花: 18.808624982833862
2025-06-14 15:15:57,893 - 🏆 玩家 1 获胜！
2025-06-14 15:15:59,589 - [进程 3] 第 55 局结束，总步数: 49, 胜者: 1
2025-06-14 15:16:18,914 - 第1步，走一步要花: 18.324296712875366
2025-06-14 15:18:25,325 - 🏆 玩家 2 获胜！
2025-06-14 15:18:26,779 - [进程 3] 第 56 局结束，总步数: 8, 胜者: 2
2025-06-14 15:18:45,811 - 第1步，走一步要花: 18.03140640258789
2025-06-14 15:24:50,692 - 第21步，走一步要花: 17.99380326271057
2025-06-14 15:30:49,474 - 第41步，走一步要花: 17.80476403236389
2025-06-14 15:34:42,288 - 🏆 玩家 2 获胜！
2025-06-14 15:34:44,022 - [进程 3] 第 57 局结束，总步数: 54, 胜者: 2
2025-06-14 15:35:03,549 - 第1步，走一步要花: 18.52621054649353
2025-06-14 15:41:10,638 - 第21步，走一步要花: 18.63510751724243
2025-06-14 15:43:53,023 - 🏆 玩家 2 获胜！
2025-06-14 15:43:54,607 - [进程 3] 第 58 局结束，总步数: 30, 胜者: 2
2025-06-14 15:44:13,810 - 第1步，走一步要花: 18.200788497924805
2025-06-14 15:50:09,862 - 第21步，走一步要花: 17.52146053314209
2025-06-14 15:56:06,773 - 第41步，走一步要花: 17.273083686828613
2025-06-14 16:02:02,988 - 第61步，走一步要花: 17.644142150878906
2025-06-14 16:07:53,211 - 第81步，走一步要花: 17.496883153915405
2025-06-14 16:13:49,423 - 第101步，走一步要花: 18.07517385482788
2025-06-14 16:19:45,298 - 第121步，走一步要花: 17.47970938682556
2025-06-14 16:25:33,089 - 第141步，走一步要花: 17.377578020095825
2025-06-14 16:28:09,179 - 🏆 玩家 2 获胜！
2025-06-14 16:28:11,517 - [进程 3] 第 59 局结束，总步数: 150, 胜者: 2
2025-06-14 16:28:30,418 - 第1步，走一步要花: 17.901398181915283
2025-06-14 16:32:45,672 - 🏆 玩家 1 获胜！
2025-06-14 16:32:47,256 - [进程 3] 第 60 局结束，总步数: 15, 胜者: 1
2025-06-14 16:33:06,655 - 第1步，走一步要花: 18.397382497787476
2025-06-14 16:39:13,730 - 第21步，走一步要花: 18.448795795440674
2025-06-14 16:45:12,048 - 第41步，走一步要花: 18.426105499267578
2025-06-14 16:51:11,151 - 第61步，走一步要花: 18.330013036727905
2025-06-14 16:52:22,182 - 🏆 玩家 1 获胜！
2025-06-14 16:52:24,371 - [进程 3] 第 61 局结束，总步数: 65, 胜者: 1
2025-06-14 16:52:43,360 - 第1步，走一步要花: 17.987186431884766
2025-06-14 16:58:46,301 - 第21步，走一步要花: 18.603554248809814
2025-06-14 17:04:52,497 - 第41步，走一步要花: 18.177019596099854
2025-06-14 17:10:59,730 - 第61步，走一步要花: 18.256698608398438
2025-06-14 17:17:03,049 - 第81步，走一步要花: 17.513411045074463
2025-06-14 17:23:04,390 - 第101步，走一步要花: 18.44227123260498
2025-06-14 17:28:59,803 - 第121步，走一步要花: 16.371485948562622
2025-06-14 17:34:47,667 - 第141步，走一步要花: 17.10756540298462
2025-06-14 17:38:01,669 - 🏆 玩家 2 获胜！
2025-06-14 17:38:04,161 - [进程 3] 第 62 局结束，总步数: 152, 胜者: 2
2025-06-14 17:38:23,448 - 第1步，走一步要花: 18.285320043563843
2025-06-14 17:44:32,935 - 第21步，走一步要花: 18.732755661010742
2025-06-14 17:50:37,032 - 第41步，走一步要花: 17.474671125411987
2025-06-14 17:51:12,565 - 🏆 玩家 1 获胜！
2025-06-14 17:51:14,482 - [进程 3] 第 63 局结束，总步数: 43, 胜者: 1
2025-06-14 17:51:33,968 - 第1步，走一步要花: 18.48424744606018
2025-06-14 17:57:37,626 - 第21步，走一步要花: 17.852558374404907
2025-06-14 18:03:34,943 - 第41步，走一步要花: 17.300214767456055
2025-06-14 18:09:28,744 - 第61步，走一步要花: 17.298967123031616
2025-06-14 18:10:20,929 - 🏆 玩家 2 获胜！
2025-06-14 18:10:22,929 - [进程 3] 第 64 局结束，总步数: 64, 胜者: 2
2025-06-14 18:10:42,216 - 第1步，走一步要花: 18.287569046020508
2025-06-14 18:16:48,567 - 第21步，走一步要花: 18.190308094024658
2025-06-14 18:22:52,367 - 第41步，走一步要花: 18.537437438964844
2025-06-14 18:28:59,241 - 第61步，走一步要花: 18.87165904045105
2025-06-14 18:35:05,266 - 第81步，走一步要花: 18.690056562423706
2025-06-14 18:41:17,740 - 第101步，走一步要花: 18.952065467834473
2025-06-14 18:47:31,622 - 第121步，走一步要花: 19.364239931106567
2025-06-14 18:50:55,479 - 🏆 玩家 2 获胜！
2025-06-14 18:50:58,440 - [进程 3] 第 65 局结束，总步数: 132, 胜者: 2
2025-06-14 18:51:17,412 - 第1步，走一步要花: 17.968200206756592
2025-06-14 18:57:15,606 - 第21步，走一步要花: 18.03705072402954
2025-06-14 19:03:26,030 - 第41步，走一步要花: 18.67341685295105
2025-06-14 19:09:30,804 - 第61步，走一步要花: 17.90500783920288
2025-06-14 19:13:46,222 - 🏆 玩家 1 获胜！
2025-06-14 19:13:48,391 - [进程 3] 第 66 局结束，总步数: 75, 胜者: 1
2025-06-14 19:14:07,812 - 第1步，走一步要花: 18.421186923980713
2025-06-14 19:20:11,463 - 第21步，走一步要花: 18.63252878189087
2025-06-14 19:26:14,662 - 第41步，走一步要花: 18.336663246154785
2025-06-14 19:32:07,736 - 第61步，走一步要花: 17.928627729415894
2025-06-14 19:38:05,444 - 第81步，走一步要花: 17.589222192764282
2025-06-14 19:44:08,904 - 第101步，走一步要花: 17.27267074584961
2025-06-14 19:50:11,948 - 第121步，走一步要花: 18.539926767349243
2025-06-14 19:56:16,683 - 第141步，走一步要花: 17.677038431167603
2025-06-14 20:02:14,534 - 第161步，走一步要花: 17.77044105529785
2025-06-14 20:05:33,673 - 🏆 玩家 2 获胜！
2025-06-14 20:05:36,658 - [进程 3] 第 67 局结束，总步数: 172, 胜者: 2
2025-06-14 20:05:55,671 - 第1步，走一步要花: 18.012683391571045
2025-06-14 20:11:59,866 - 第21步，走一步要花: 18.28852605819702
2025-06-14 20:17:59,541 - 第41步，走一步要花: 18.06293296813965
2025-06-14 20:23:40,721 - 🏆 玩家 2 获胜！
2025-06-14 20:23:42,918 - [进程 3] 第 68 局结束，总步数: 60, 胜者: 2
2025-06-14 20:24:01,395 - 第1步，走一步要花: 17.47577166557312
2025-06-14 20:30:01,729 - 第21步，走一步要花: 17.754276514053345
2025-06-14 20:32:08,179 - 🏆 玩家 2 获胜！
2025-06-14 20:32:10,363 - [进程 3] 第 69 局结束，总步数: 28, 胜者: 2
2025-06-14 20:32:29,435 - 第1步，走一步要花: 18.072389125823975
2025-06-14 20:38:32,660 - 第21步，走一步要花: 18.259557962417603
2025-06-14 20:44:24,687 - 第41步，走一步要花: 17.981977224349976
2025-06-14 20:46:46,954 - 🏆 玩家 1 获胜！
2025-06-14 20:46:49,231 - [进程 3] 第 70 局结束，总步数: 49, 胜者: 1
2025-06-14 20:47:08,356 - 第1步，走一步要花: 18.12548828125
2025-06-14 20:53:08,936 - 第21步，走一步要花: 18.488465547561646
2025-06-14 20:59:13,581 - 第41步，走一步要花: 18.213895320892334
2025-06-14 21:05:10,952 - 第61步，走一步要花: 18.333755254745483
2025-06-14 21:09:45,552 - 🏆 玩家 2 获胜！
2025-06-14 21:09:47,909 - [进程 3] 第 71 局结束，总步数: 76, 胜者: 2
2025-06-14 21:10:06,664 - 第1步，走一步要花: 17.75499939918518
2025-06-14 21:16:06,638 - 第21步，走一步要花: 17.727699756622314
2025-06-14 21:22:03,731 - 第41步，走一步要花: 18.25820755958557
2025-06-14 21:23:14,237 - 🏆 玩家 1 获胜！
2025-06-14 21:23:16,581 - [进程 3] 第 72 局结束，总步数: 45, 胜者: 1
2025-06-14 21:23:35,922 - 第1步，走一步要花: 18.33990454673767
2025-06-14 21:29:31,546 - 第21步，走一步要花: 17.742012977600098
2025-06-14 21:35:32,334 - 第41步，走一步要花: 18.837334632873535
2025-06-14 21:41:45,251 - 第61步，走一步要花: 18.90245294570923
2025-06-14 21:47:52,734 - 第81步，走一步要花: 17.972973585128784
2025-06-14 21:53:51,607 - 第101步，走一步要花: 17.626588344573975
2025-06-14 21:59:49,078 - 第121步，走一步要花: 17.600303649902344
2025-06-14 22:04:35,712 - 🏆 玩家 1 获胜！
2025-06-14 22:04:38,633 - [进程 3] 第 73 局结束，总步数: 137, 胜者: 1
2025-06-14 22:04:57,367 - 第1步，走一步要花: 17.73176884651184
2025-06-14 22:11:02,867 - 第21步，走一步要花: 18.20913553237915
2025-06-14 22:17:10,014 - 第41步，走一步要花: 18.524370908737183
2025-06-14 22:22:22,219 - 🏆 玩家 2 获胜！
2025-06-14 22:22:24,680 - [进程 3] 第 74 局结束，总步数: 58, 胜者: 2
2025-06-14 22:22:44,115 - 第1步，走一步要花: 18.434751749038696
2025-06-14 22:28:45,944 - 第21步，走一步要花: 18.463775157928467
2025-06-14 22:34:49,549 - 第41步，走一步要花: 18.7218599319458
2025-06-14 22:40:48,097 - 第61步，走一步要花: 18.003799438476562
2025-06-14 22:42:18,351 - 🏆 玩家 2 获胜！
2025-06-14 22:42:21,051 - [进程 3] 第 75 局结束，总步数: 66, 胜者: 2
2025-06-14 22:42:40,085 - 第1步，走一步要花: 18.03441071510315
2025-06-14 22:48:43,228 - 第21步，走一步要花: 18.096641063690186
2025-06-14 22:54:44,857 - 第41步，走一步要花: 17.667709589004517
2025-06-14 22:55:37,208 - 🏆 玩家 2 获胜！
2025-06-14 22:55:39,692 - [进程 3] 第 76 局结束，总步数: 44, 胜者: 2
2025-06-14 22:55:58,978 - 第1步，走一步要花: 18.28489875793457
2025-06-14 23:02:00,440 - 第21步，走一步要花: 18.016538381576538
2025-06-14 23:08:06,538 - 第41步，走一步要花: 18.472448587417603
2025-06-14 23:13:54,410 - 🏆 玩家 2 获胜！
2025-06-14 23:13:56,863 - [进程 3] 第 77 局结束，总步数: 60, 胜者: 2
2025-06-14 23:14:15,983 - 第1步，走一步要花: 18.118927001953125
2025-06-14 23:20:18,543 - 第21步，走一步要花: 17.578248262405396
2025-06-14 23:26:25,282 - 第41步，走一步要花: 18.64877152442932
2025-06-14 23:32:33,375 - 第61步，走一步要花: 18.7414128780365
2025-06-14 23:38:40,103 - 第81步，走一步要花: 19.04632592201233
2025-06-14 23:44:41,898 - 第101步，走一步要花: 18.679214477539062
2025-06-14 23:50:43,252 - 第121步，走一步要花: 18.466430187225342
2025-06-14 23:54:58,409 - 🏆 玩家 1 获胜！
2025-06-14 23:55:01,534 - [进程 3] 第 78 局结束，总步数: 135, 胜者: 1
2025-06-14 23:55:20,601 - 第1步，走一步要花: 18.064695596694946
2025-06-15 00:01:22,539 - 第21步，走一步要花: 18.09891963005066
2025-06-15 00:07:21,238 - 第41步，走一步要花: 18.498703479766846
2025-06-15 00:10:39,423 - 🏆 玩家 2 获胜！
2025-06-15 00:10:41,848 - [进程 3] 第 79 局结束，总步数: 52, 胜者: 2
2025-06-15 00:11:00,953 - 第1步，走一步要花: 18.103678464889526
2025-06-15 00:17:01,636 - 第21步，走一步要花: 17.895291566848755
2025-06-15 00:23:02,200 - 第41步，走一步要花: 18.620731830596924
2025-06-15 00:25:10,620 - 🏆 玩家 2 获胜！
2025-06-15 00:25:13,202 - [进程 3] 第 80 局结束，总步数: 48, 胜者: 2
2025-06-15 00:25:32,576 - 第1步，走一步要花: 18.374239683151245
2025-06-15 00:31:31,870 - 第21步，走一步要花: 18.57240629196167
2025-06-15 00:37:28,659 - 第41步，走一步要花: 18.12803053855896
2025-06-15 00:43:28,682 - 第61步，走一步要花: 18.28870964050293
2025-06-15 00:49:29,886 - 第81步，走一步要花: 18.041186332702637
2025-06-15 00:55:29,660 - 第101步，走一步要花: 18.279022932052612
2025-06-15 01:01:25,079 - 第121步，走一步要花: 17.594756364822388
2025-06-15 01:07:11,378 - 第141步，走一步要花: 17.184489727020264
2025-06-15 01:12:00,728 - 🏆 玩家 2 获胜！
2025-06-15 01:12:04,210 - [进程 3] 第 81 局结束，总步数: 158, 胜者: 2
2025-06-15 01:12:24,106 - 第1步，走一步要花: 18.894776105880737
2025-06-15 01:18:29,807 - 第21步，走一步要花: 17.50894856452942
2025-06-15 01:21:31,704 - 🏆 玩家 2 获胜！
2025-06-15 01:21:34,308 - [进程 3] 第 82 局结束，总步数: 31, 胜者: 2
2025-06-15 01:21:53,462 - 第1步，走一步要花: 18.153583526611328
2025-06-15 01:27:56,188 - 第21步，走一步要花: 18.676249265670776
2025-06-15 01:33:55,273 - 第41步，走一步要花: 17.6619291305542
2025-06-15 01:38:09,350 - 🏆 玩家 1 获胜！
2025-06-15 01:38:12,045 - [进程 3] 第 83 局结束，总步数: 55, 胜者: 1
2025-06-15 01:38:31,190 - 第1步，走一步要花: 18.145097017288208
2025-06-15 01:44:34,779 - 第21步，走一步要花: 18.15623903274536
2025-06-15 01:46:57,893 - 🏆 玩家 1 获胜！
2025-06-15 01:47:00,445 - [进程 3] 第 84 局结束，总步数: 29, 胜者: 1
2025-06-15 01:47:19,656 - 第1步，走一步要花: 18.20991826057434
2025-06-15 01:53:20,979 - 第21步，走一步要花: 18.407490491867065
2025-06-15 01:59:21,309 - 第41步，走一步要花: 18.204824209213257
2025-06-15 02:05:23,120 - 第61步，走一步要花: 18.419605016708374
2025-06-15 02:06:34,688 - 🏆 玩家 1 获胜！
2025-06-15 02:06:37,626 - [进程 3] 第 85 局结束，总步数: 65, 胜者: 1
2025-06-15 02:06:57,264 - 第1步，走一步要花: 18.638050317764282
2025-06-15 02:12:56,241 - 第21步，走一步要花: 17.823877573013306
2025-06-15 02:18:54,974 - 第41步，走一步要花: 17.782971382141113
2025-06-15 02:24:47,389 - 第61步，走一步要花: 16.931707859039307
2025-06-15 02:29:26,000 - 🏆 玩家 1 获胜！
2025-06-15 02:29:29,126 - [进程 3] 第 86 局结束，总步数: 77, 胜者: 1
2025-06-15 02:29:48,592 - 第1步，走一步要花: 18.465856552124023
2025-06-15 02:35:52,844 - 第21步，走一步要花: 18.86899757385254
2025-06-15 02:41:57,600 - 第41步，走一步要花: 18.305139303207397
2025-06-15 02:48:00,964 - 第61步，走一步要花: 18.1474506855011
2025-06-15 02:54:00,033 - 第81步，走一步要花: 18.20900797843933
2025-06-15 02:59:58,317 - 第101步，走一步要花: 17.601677656173706
2025-06-15 03:03:29,819 - 🏆 玩家 1 获胜！
2025-06-15 03:03:33,087 - [进程 3] 第 87 局结束，总步数: 113, 胜者: 1
2025-06-15 03:03:52,556 - 第1步，走一步要花: 18.46797513961792
2025-06-15 03:09:52,470 - 第21步，走一步要花: 17.76234459877014
2025-06-15 03:15:47,948 - 第41步，走一步要花: 16.836702823638916
2025-06-15 03:21:43,517 - 第61步，走一步要花: 16.7904851436615
2025-06-15 03:27:41,066 - 第81步，走一步要花: 18.143872022628784
2025-06-15 03:29:45,783 - 🏆 玩家 2 获胜！
2025-06-15 03:29:48,873 - [进程 3] 第 88 局结束，总步数: 88, 胜者: 2
2025-06-15 03:30:08,008 - 第1步，走一步要花: 18.13472294807434
2025-06-15 03:36:02,477 - 第21步，走一步要花: 17.83674669265747
2025-06-15 03:42:00,993 - 第41步，走一步要花: 16.7179012298584
2025-06-15 03:47:57,196 - 第61步，走一步要花: 18.326576471328735
2025-06-15 03:54:05,337 - 第81步，走一步要花: 18.482390642166138
2025-06-15 03:55:51,363 - 🏆 玩家 1 获胜！
2025-06-15 03:55:54,320 - [进程 3] 第 89 局结束，总步数: 87, 胜者: 1
2025-06-15 03:56:13,950 - 第1步，走一步要花: 18.62987494468689
2025-06-15 03:58:02,546 - 🏆 玩家 1 获胜！
2025-06-15 03:58:05,119 - [进程 3] 第 90 局结束，总步数: 7, 胜者: 1
2025-06-15 03:58:24,382 - 第1步，走一步要花: 18.26216149330139
2025-06-15 04:04:27,444 - 第21步，走一步要花: 18.582722187042236
2025-06-15 04:10:34,703 - 第41步，走一步要花: 17.570448875427246
2025-06-15 04:16:42,694 - 第61步，走一步要花: 19.02689814567566
2025-06-15 04:22:52,451 - 第81步，走一步要花: 18.07288956642151
2025-06-15 04:28:59,878 - 第101步，走一步要花: 18.246553897857666
2025-06-15 04:35:11,798 - 第121步，走一步要花: 18.761940002441406
2025-06-15 04:41:21,975 - 第141步，走一步要花: 17.94297456741333
2025-06-15 04:47:23,089 - 第161步，走一步要花: 17.75234341621399
2025-06-15 04:53:24,521 - 第181步，走一步要花: 18.370492696762085
2025-06-15 04:59:24,854 - 第201步，走一步要花: 18.233518838882446
2025-06-15 05:05:25,099 - 第221步，走一步要花: 18.363588094711304
2025-06-15 05:08:41,686 - 🏆 玩家 2 获胜！
2025-06-15 05:08:45,910 - [进程 3] 第 91 局结束，总步数: 232, 胜者: 2
2025-06-15 05:09:05,287 - 第1步，走一步要花: 18.37620449066162
2025-06-15 05:15:10,722 - 第21步，走一步要花: 18.472639799118042
2025-06-15 05:21:13,584 - 第41步，走一步要花: 18.831636905670166
2025-06-15 05:25:55,908 - 🏆 玩家 1 获胜！
2025-06-15 05:25:58,986 - [进程 3] 第 92 局结束，总步数: 57, 胜者: 1
2025-06-15 05:26:18,227 - 第1步，走一步要花: 18.23982834815979
2025-06-15 05:30:29,876 - 🏆 玩家 1 获胜！
2025-06-15 05:30:33,172 - [进程 3] 第 93 局结束，总步数: 15, 胜者: 1
2025-06-15 05:30:52,513 - 第1步，走一步要花: 18.340795516967773
2025-06-15 05:36:12,744 - 🏆 玩家 1 获胜！
2025-06-15 05:36:15,554 - [进程 3] 第 94 局结束，总步数: 19, 胜者: 1
2025-06-15 05:36:34,959 - 第1步，走一步要花: 18.404778242111206
2025-06-15 05:42:37,474 - 第21步，走一步要花: 18.48128581047058
2025-06-15 05:48:45,651 - 第41步，走一步要花: 19.113336086273193
2025-06-15 05:54:38,049 - 🏆 玩家 2 获胜！
2025-06-15 05:54:41,358 - [进程 3] 第 95 局结束，总步数: 60, 胜者: 2
2025-06-15 05:55:00,647 - 第1步，走一步要花: 18.28716278076172
2025-06-15 06:01:03,329 - 第21步，走一步要花: 18.495018005371094
2025-06-15 06:07:10,924 - 第41步，走一步要花: 18.684271335601807
2025-06-15 06:11:11,200 - 🏆 玩家 2 获胜！
2025-06-15 06:11:14,470 - [进程 3] 第 96 局结束，总步数: 54, 胜者: 2
2025-06-15 06:11:33,866 - 第1步，走一步要花: 18.393303155899048
2025-06-15 06:17:33,430 - 第21步，走一步要花: 18.642833948135376
2025-06-15 06:23:39,859 - 第41步，走一步要花: 18.716343641281128
2025-06-15 06:27:48,749 - 🏆 玩家 1 获胜！
2025-06-15 06:27:52,162 - [进程 3] 第 97 局结束，总步数: 55, 胜者: 1
2025-06-15 06:28:11,121 - 第1步，走一步要花: 17.957908630371094
2025-06-15 06:31:13,322 - 🏆 玩家 1 获胜！
2025-06-15 06:31:16,214 - [进程 3] 第 98 局结束，总步数: 11, 胜者: 1
2025-06-15 06:31:35,691 - 第1步，走一步要花: 18.47645401954651
2025-06-15 06:37:36,677 - 第21步，走一步要花: 18.539297580718994
2025-06-15 06:41:13,939 - 🏆 玩家 1 获胜！
2025-06-15 06:41:17,169 - [进程 3] 第 99 局结束，总步数: 33, 胜者: 1
2025-06-15 06:41:35,737 - 第1步，走一步要花: 17.568174600601196
2025-06-15 06:47:36,824 - 第21步，走一步要花: 18.687464237213135
2025-06-15 06:53:45,877 - 第41步，走一步要花: 18.61951732635498
2025-06-15 07:00:01,908 - 第61步，走一步要花: 19.509670972824097
2025-06-15 07:06:19,734 - 第81步，走一步要花: 18.410584926605225
2025-06-15 07:12:33,205 - 第101步，走一步要花: 18.08708429336548
2025-06-15 07:18:44,444 - 第121步，走一步要花: 18.119518041610718
2025-06-15 07:24:50,497 - 第141步，走一步要花: 18.332276105880737
2025-06-15 07:26:41,102 - 🏆 玩家 2 获胜！
2025-06-15 07:26:44,951 - [进程 3] 第 100 局结束，总步数: 147, 胜者: 2
2025-06-15 07:27:04,172 - 第1步，走一步要花: 18.21932029724121
2025-06-15 07:31:52,548 - 🏆 玩家 1 获胜！
2025-06-15 07:31:55,630 - [进程 3] 第 101 局结束，总步数: 17, 胜者: 1
2025-06-15 07:32:15,171 - 第1步，走一步要花: 18.541780710220337
2025-06-15 07:38:15,597 - 第21步，走一步要花: 18.554909229278564
2025-06-15 07:44:18,046 - 第41步，走一步要花: 18.821245193481445
2025-06-15 07:50:20,410 - 第61步，走一步要花: 17.847797870635986
2025-06-15 07:52:40,870 - 🏆 玩家 1 获胜！
2025-06-15 07:52:44,356 - [进程 3] 第 102 局结束，总步数: 69, 胜者: 1
2025-06-15 07:53:03,769 - 第1步，走一步要花: 18.41286563873291
2025-06-15 07:59:03,687 - 第21步，走一步要花: 18.142821073532104
2025-06-15 08:00:48,589 - 🏆 玩家 1 获胜！
2025-06-15 08:00:51,809 - [进程 3] 第 103 局结束，总步数: 27, 胜者: 1
2025-06-15 08:01:11,238 - 第1步，走一步要花: 18.428499937057495
2025-06-15 08:07:17,235 - 第21步，走一步要花: 18.69605588912964
2025-06-15 08:13:24,776 - 第41步，走一步要花: 18.04331398010254
2025-06-15 08:19:29,529 - 第61步，走一步要花: 19.226393222808838
2025-06-15 08:25:42,840 - 第81步，走一步要花: 18.620893478393555
2025-06-15 08:31:58,907 - 第101步，走一步要花: 18.147807836532593
2025-06-15 08:38:04,057 - 第121步，走一步要花: 16.723448753356934
2025-06-15 08:44:01,131 - 第141步，走一步要花: 16.786237716674805
2025-06-15 08:49:46,751 - 第161步，走一步要花: 17.00364875793457
2025-06-15 08:55:11,094 - 第181步，走一步要花: 15.69623351097107
2025-06-15 09:00:29,083 - 第201步，走一步要花: 16.67609739303589
2025-06-15 09:04:45,933 - 🏆 玩家 2 获胜！
2025-06-15 09:04:50,452 - [进程 3] 第 104 局结束，总步数: 217, 胜者: 2
2025-06-15 09:05:10,037 - 第1步，走一步要花: 18.584371089935303
2025-06-15 09:11:15,083 - 第21步，走一步要花: 17.913771152496338
2025-06-15 09:17:16,787 - 第41步，走一步要花: 18.019608974456787
2025-06-15 09:23:25,031 - 第61步，走一步要花: 18.260042428970337
2025-06-15 09:29:23,289 - 第81步，走一步要花: 18.149344444274902
2025-06-15 09:35:28,004 - 第101步，走一步要花: 17.797085523605347
2025-06-15 09:35:28,005 - 🏆 玩家 1 获胜！
2025-06-15 09:35:31,759 - [进程 3] 第 105 局结束，总步数: 101, 胜者: 1
2025-06-15 09:35:51,251 - 第1步，走一步要花: 18.490629196166992
2025-06-15 09:41:51,453 - 第21步，走一步要花: 18.102739810943604
2025-06-15 09:45:46,792 - 🏆 玩家 2 获胜！
2025-06-15 09:45:51,082 - [进程 3] 第 106 局结束，总步数: 34, 胜者: 2
2025-06-15 09:46:10,277 - 第1步，走一步要花: 18.19304633140564
2025-06-15 09:52:10,501 - 第21步，走一步要花: 17.945772171020508
2025-06-15 09:55:29,970 - 🏆 玩家 2 获胜！
2025-06-15 09:55:33,395 - [进程 3] 第 107 局结束，总步数: 32, 胜者: 2
2025-06-15 09:55:52,772 - 第1步，走一步要花: 18.3768630027771
2025-06-15 10:01:55,316 - 第21步，走一步要花: 17.37321662902832
2025-06-15 10:03:23,844 - 🏆 玩家 2 获胜！
2025-06-15 10:03:27,220 - [进程 3] 第 108 局结束，总步数: 26, 胜者: 2
2025-06-15 10:03:46,641 - 第1步，走一步要花: 18.42030644416809
2025-06-15 10:09:48,685 - 第21步，走一步要花: 18.50924825668335
2025-06-15 10:15:51,498 - 第41步，走一步要花: 18.921236991882324
2025-06-15 10:21:49,939 - 第61步，走一步要花: 18.214843034744263
2025-06-15 10:27:45,132 - 第81步，走一步要花: 16.946458339691162
2025-06-15 10:33:38,833 - 第101步，走一步要花: 16.82772707939148
2025-06-15 10:35:41,058 - 🏆 玩家 2 获胜！
2025-06-15 10:35:45,133 - [进程 3] 第 109 局结束，总步数: 108, 胜者: 2
2025-06-15 10:36:04,244 - 第1步，走一步要花: 18.11061120033264
2025-06-15 10:42:06,976 - 第21步，走一步要花: 18.015302419662476
2025-06-15 10:48:03,552 - 第41步，走一步要花: 17.672510147094727
2025-06-15 10:48:03,552 - 🏆 玩家 1 获胜！
2025-06-15 10:48:07,120 - [进程 3] 第 110 局结束，总步数: 41, 胜者: 1
2025-06-15 10:48:25,913 - 第1步，走一步要花: 17.792450428009033
2025-06-15 10:53:53,265 - 🏆 玩家 1 获胜！
2025-06-15 10:53:56,692 - [进程 3] 第 111 局结束，总步数: 19, 胜者: 1
2025-06-15 10:54:15,652 - 第1步，走一步要花: 17.959412813186646
2025-06-15 11:00:11,708 - 第21步，走一步要花: 17.932451725006104
2025-06-15 11:06:11,745 - 第41步，走一步要花: 18.251007556915283
2025-06-15 11:12:20,370 - 第61步，走一步要花: 19.089207887649536
2025-06-15 11:18:25,239 - 第81步，走一步要花: 18.810903310775757
2025-06-15 11:24:32,445 - 第101步，走一步要花: 18.620708227157593
2025-06-15 11:30:39,416 - 第121步，走一步要花: 18.677510738372803
2025-06-15 11:36:41,443 - 第141步，走一步要花: 17.961079120635986
2025-06-15 11:39:54,864 - 🏆 玩家 2 获胜！
2025-06-15 11:39:59,326 - [进程 3] 第 112 局结束，总步数: 152, 胜者: 2
2025-06-15 11:40:18,369 - 第1步，走一步要花: 18.0423583984375
2025-06-15 11:46:14,638 - 第21步，走一步要花: 17.717745065689087
2025-06-15 11:48:55,297 - 🏆 玩家 2 获胜！
2025-06-15 11:48:59,108 - [进程 3] 第 113 局结束，总步数: 30, 胜者: 2
2025-06-15 11:49:18,207 - 第1步，走一步要花: 18.099299907684326
2025-06-15 11:55:21,301 - 第21步，走一步要花: 17.944244384765625
2025-06-15 12:01:26,626 - 第41步，走一步要花: 18.748737812042236
2025-06-15 12:05:25,418 - 🏆 玩家 2 获胜！
2025-06-15 12:05:29,188 - [进程 3] 第 114 局结束，总步数: 54, 胜者: 2
2025-06-15 12:05:48,579 - 第1步，走一步要花: 18.390366792678833
2025-06-15 12:11:49,797 - 第21步，走一步要花: 17.88601565361023
2025-06-15 12:17:48,708 - 第41步，走一步要花: 17.7276451587677
2025-06-15 12:23:48,395 - 第61步，走一步要花: 18.067031145095825
2025-06-15 12:29:47,855 - 第81步，走一步要花: 18.073590517044067
2025-06-15 12:35:48,948 - 第101步，走一步要花: 17.975263833999634
2025-06-15 12:41:42,597 - 第121步，走一步要花: 17.471811294555664
2025-06-15 12:47:32,794 - 第141步，走一步要花: 17.76702570915222
2025-06-15 12:49:16,908 - 🏆 玩家 1 获胜！
2025-06-15 12:49:21,460 - [进程 3] 第 115 局结束，总步数: 147, 胜者: 1
2025-06-15 12:49:40,365 - 第1步，走一步要花: 17.905559301376343
2025-06-15 12:55:38,974 - 第21步，走一步要花: 18.587653875350952
2025-06-15 12:59:35,853 - 🏆 玩家 2 获胜！
2025-06-15 12:59:39,629 - [进程 3] 第 116 局结束，总步数: 34, 胜者: 2
2025-06-15 12:59:58,801 - 第1步，走一步要花: 18.171658039093018
2025-06-15 13:06:09,859 - 第21步，走一步要花: 18.335308074951172
2025-06-15 13:12:16,192 - 第41步，走一步要花: 18.30504083633423
2025-06-15 13:18:25,399 - 第61步，走一步要花: 18.670353174209595
2025-06-15 13:24:31,093 - 第81步，走一步要花: 17.90167808532715
2025-06-15 13:30:28,910 - 第101步，走一步要花: 17.87538766860962
2025-06-15 13:36:11,258 - 第121步，走一步要花: 17.36235547065735
2025-06-15 13:41:57,751 - 第141步，走一步要花: 17.55303692817688
2025-06-15 13:43:24,870 - 🏆 玩家 2 获胜！
2025-06-15 13:43:29,494 - [进程 3] 第 117 局结束，总步数: 146, 胜者: 2
2025-06-15 13:43:48,563 - 第1步，走一步要花: 18.067066431045532
2025-06-15 13:49:52,961 - 第21步，走一步要花: 17.81600594520569
2025-06-15 13:55:50,752 - 第41步，走一步要花: 18.010729789733887
2025-06-15 14:01:44,049 - 第61步，走一步要花: 17.63374090194702
2025-06-15 14:07:48,323 - 第81步，走一步要花: 18.163204431533813
2025-06-15 14:13:44,617 - 第101步，走一步要花: 18.010687828063965
2025-06-15 14:19:41,769 - 第121步，走一步要花: 18.671003341674805
2025-06-15 14:23:48,483 - 🏆 玩家 1 获胜！
2025-06-15 14:23:53,460 - [进程 3] 第 118 局结束，总步数: 135, 胜者: 1
2025-06-15 14:24:12,704 - 第1步，走一步要花: 18.243929624557495
2025-06-15 14:30:19,667 - 第21步，走一步要花: 18.795307874679565
2025-06-15 14:36:26,885 - 第41步，走一步要花: 18.55859899520874
2025-06-15 14:42:24,257 - 第61步，走一步要花: 18.075659036636353
2025-06-15 14:44:11,064 - 🏆 玩家 1 获胜！
2025-06-15 14:44:15,395 - [进程 3] 第 119 局结束，总步数: 67, 胜者: 1
2025-06-15 14:44:34,716 - 第1步，走一步要花: 18.32019877433777
2025-06-15 14:50:40,520 - 第21步，走一步要花: 17.71538019180298
2025-06-15 14:56:31,410 - 第41步，走一步要花: 18.05580735206604
2025-06-15 15:01:33,325 - 🏆 玩家 2 获胜！
2025-06-15 15:01:37,387 - [进程 3] 第 120 局结束，总步数: 58, 胜者: 2
2025-06-15 15:01:56,890 - 第1步，走一步要花: 18.50113320350647
2025-06-15 15:08:04,847 - 第21步，走一步要花: 18.60922884941101
2025-06-15 15:14:10,282 - 第41步，走一步要花: 18.408554553985596
2025-06-15 15:20:17,628 - 第61步，走一步要花: 19.230218410491943
2025-06-15 15:26:19,085 - 第81步，走一步要花: 18.825521230697632
2025-06-15 15:27:30,570 - 🏆 玩家 1 获胜！
2025-06-15 15:27:34,988 - [进程 3] 第 121 局结束，总步数: 85, 胜者: 1
2025-06-15 15:27:54,595 - 第1步，走一步要花: 18.606406450271606
2025-06-15 15:34:05,911 - 第21步，走一步要花: 18.267441511154175
2025-06-15 15:40:01,644 - 🏆 玩家 2 获胜！
2025-06-15 15:40:05,775 - [进程 3] 第 122 局结束，总步数: 40, 胜者: 2
2025-06-15 15:40:25,190 - 第1步，走一步要花: 18.414563179016113
2025-06-15 15:46:31,974 - 第21步，走一步要花: 17.69069766998291
2025-06-15 15:52:35,452 - 第41步，走一步要花: 18.375454425811768
2025-06-15 15:58:37,144 - 第61步，走一步要花: 17.786957025527954
2025-06-15 16:04:36,159 - 第81步，走一步要花: 17.57466459274292
2025-06-15 16:07:16,624 - 🏆 玩家 2 获胜！
2025-06-15 16:07:21,163 - [进程 3] 第 123 局结束，总步数: 90, 胜者: 2
2025-06-15 16:07:40,598 - 第1步，走一步要花: 18.433983087539673
2025-06-15 16:13:41,204 - 第21步，走一步要花: 17.52332329750061
2025-06-15 16:19:42,447 - 第41步，走一步要花: 17.958351850509644
2025-06-15 16:25:52,113 - 第61步，走一步要花: 18.0670006275177
2025-06-15 16:26:49,037 - 🏆 玩家 2 获胜！
2025-06-15 16:26:53,139 - [进程 3] 第 124 局结束，总步数: 64, 胜者: 2
2025-06-15 16:27:12,364 - 第1步，走一步要花: 18.224344730377197
2025-06-15 16:33:17,434 - 第21步，走一步要花: 17.662750959396362
2025-06-15 16:39:24,760 - 第41步，走一步要花: 18.689626693725586
2025-06-15 16:45:32,481 - 第61步，走一步要花: 18.051704168319702
2025-06-15 16:45:32,481 - 🏆 玩家 1 获胜！
2025-06-15 16:45:36,848 - [进程 3] 第 125 局结束，总步数: 61, 胜者: 1
2025-06-15 16:45:55,985 - 第1步，走一步要花: 18.13566780090332
2025-06-15 16:51:56,156 - 第21步，走一步要花: 17.63945460319519
2025-06-15 16:58:01,047 - 第41步，走一步要花: 18.331220626831055
2025-06-15 17:04:11,191 - 第61步，走一步要花: 18.634037256240845
2025-06-15 17:10:23,393 - 第81步，走一步要花: 18.651796579360962
2025-06-15 17:16:35,800 - 第101步，走一步要花: 18.942163228988647
2025-06-15 17:20:35,829 - 🏆 玩家 2 获胜！
2025-06-15 17:20:40,370 - [进程 3] 第 126 局结束，总步数: 114, 胜者: 2
2025-06-15 17:21:00,262 - 第1步，走一步要花: 18.89225482940674
2025-06-15 17:27:03,817 - 第21步，走一步要花: 18.126734495162964
2025-06-15 17:32:52,702 - 第41步，走一步要花: 17.611783266067505
2025-06-15 17:38:45,046 - 第61步，走一步要花: 17.175936222076416
2025-06-15 17:44:29,415 - 第81步，走一步要花: 16.81778359413147
2025-06-15 17:50:19,394 - 第101步，走一步要花: 16.896533489227295
2025-06-15 17:56:13,175 - 第121步，走一步要花: 18.753217458724976
2025-06-15 17:56:13,176 - 🏆 玩家 2 获胜！
2025-06-15 17:56:18,119 - [进程 3] 第 127 局结束，总步数: 121, 胜者: 2
2025-06-15 17:56:37,200 - 第1步，走一步要花: 18.080753087997437
2025-06-15 18:02:38,424 - 第21步，走一步要花: 18.511332750320435
2025-06-15 18:07:47,603 - 🏆 玩家 2 获胜！
2025-06-15 18:07:51,840 - [进程 3] 第 128 局结束，总步数: 38, 胜者: 2
2025-06-15 18:08:11,243 - 第1步，走一步要花: 18.40349054336548
2025-06-15 18:10:55,170 - 🏆 玩家 2 获胜！
2025-06-15 18:10:59,482 - [进程 3] 第 129 局结束，总步数: 10, 胜者: 2
2025-06-15 18:11:18,650 - 第1步，走一步要花: 18.165415048599243
2025-06-15 18:17:27,582 - 第21步，走一步要花: 18.945608377456665
2025-06-15 18:23:39,661 - 第41步，走一步要花: 18.43914294242859
2025-06-15 18:28:48,562 - 🏆 玩家 2 获胜！
2025-06-15 18:28:52,980 - [进程 3] 第 130 局结束，总步数: 58, 胜者: 2
2025-06-15 18:29:12,479 - 第1步，走一步要花: 18.49816393852234
2025-06-15 18:35:20,005 - 第21步，走一步要花: 18.110549688339233
2025-06-15 18:41:16,393 - 第41步，走一步要花: 17.568361043930054
2025-06-15 18:47:18,133 - 第61步，走一步要花: 17.530818462371826
2025-06-15 18:53:17,084 - 第81步，走一步要花: 17.85315489768982
2025-06-15 18:54:11,972 - 🏆 玩家 2 获胜！
2025-06-15 18:54:16,934 - [进程 3] 第 131 局结束，总步数: 84, 胜者: 2
2025-06-15 18:54:36,120 - 第1步，走一步要花: 18.18590235710144
2025-06-15 19:00:37,803 - 第21步，走一步要花: 17.763273239135742
2025-06-15 19:05:43,425 - 🏆 玩家 2 获胜！
2025-06-15 19:05:48,230 - [进程 3] 第 132 局结束，总步数: 38, 胜者: 2
2025-06-15 19:06:06,884 - 第1步，走一步要花: 17.654632329940796
2025-06-15 19:12:09,751 - 第21步，走一步要花: 17.532724857330322
2025-06-15 19:18:13,352 - 第41步，走一步要花: 18.00070095062256
2025-06-15 19:24:22,193 - 第61步，走一步要花: 18.925514698028564
2025-06-15 19:30:34,166 - 第81步，走一步要花: 19.52328062057495
2025-06-15 19:36:41,011 - 第101步，走一步要花: 18.036898136138916
2025-06-15 19:39:20,465 - 🏆 玩家 2 获胜！
2025-06-15 19:39:25,302 - [进程 3] 第 133 局结束，总步数: 110, 胜者: 2
2025-06-15 19:39:44,506 - 第1步，走一步要花: 18.204010248184204
2025-06-15 19:45:47,948 - 第21步，走一步要花: 18.178349018096924
2025-06-15 19:51:49,831 - 第41步，走一步要花: 18.277044773101807
2025-06-15 19:57:50,049 - 第61步，走一步要花: 18.76171350479126
2025-06-15 20:03:55,264 - 第81步，走一步要花: 17.267374277114868
2025-06-15 20:09:55,554 - 第101步，走一步要花: 17.914077758789062
2025-06-15 20:15:58,276 - 第121步，走一步要花: 18.146647691726685
2025-06-15 20:21:49,658 - 第141步，走一步要花: 16.771032571792603
2025-06-15 20:27:33,863 - 第161步，走一步要花: 16.73834729194641
2025-06-15 20:33:19,424 - 第181步，走一步要花: 16.94486403465271
2025-06-15 20:39:10,478 - 第201步，走一步要花: 16.663050889968872
2025-06-15 20:44:53,169 - 第221步，走一步要花: 16.839035749435425
2025-06-15 20:50:34,735 - 第241步，走一步要花: 17.57215690612793
2025-06-15 20:56:20,364 - 第261步，走一步要花: 17.708948135375977
2025-06-15 20:58:18,785 - 🏆 玩家 2 获胜！
2025-06-15 20:58:25,080 - [进程 3] 第 134 局结束，总步数: 268, 胜者: 2
2025-06-15 20:58:44,432 - 第1步，走一步要花: 18.35102152824402
2025-06-15 21:04:53,697 - 第21步，走一步要花: 18.56875205039978
2025-06-15 21:11:02,722 - 第41步，走一步要花: 18.325759649276733
2025-06-15 21:14:58,508 - 🏆 玩家 2 获胜！
2025-06-15 21:15:03,159 - [进程 3] 第 135 局结束，总步数: 54, 胜者: 2
2025-06-15 21:15:22,491 - 第1步，走一步要花: 18.33185124397278
2025-06-15 21:21:22,993 - 第21步，走一步要花: 18.484580278396606
2025-06-15 21:27:29,827 - 第41步，走一步要花: 17.61149263381958
2025-06-15 21:33:35,542 - 第61步，走一步要花: 17.49112558364868
2025-06-15 21:36:41,652 - 🏆 玩家 1 获胜！
2025-06-15 21:36:46,415 - [进程 3] 第 136 局结束，总步数: 71, 胜者: 1
2025-06-15 21:37:05,749 - 第1步，走一步要花: 18.333455562591553
2025-06-15 21:43:24,103 - 第21步，走一步要花: 18.388482570648193
2025-06-15 21:49:43,807 - 第41步，走一步要花: 18.855343341827393
2025-06-15 21:52:29,013 - 🏆 玩家 2 获胜！
2025-06-15 21:52:33,917 - [进程 3] 第 137 局结束，总步数: 50, 胜者: 2
2025-06-15 21:52:52,888 - 第1步，走一步要花: 17.96908211708069
2025-06-15 21:58:50,851 - 第21步，走一步要花: 17.997950077056885
2025-06-15 22:04:48,588 - 第41步，走一步要花: 17.965043306350708
2025-06-15 22:05:59,146 - 🏆 玩家 1 获胜！
2025-06-15 22:06:03,949 - [进程 3] 第 138 局结束，总步数: 45, 胜者: 1
2025-06-15 22:06:23,029 - 第1步，走一步要花: 18.078467845916748
2025-06-15 22:12:25,127 - 第21步，走一步要花: 17.590283393859863
2025-06-15 22:18:21,268 - 第41步，走一步要花: 17.51469373703003
2025-06-15 22:24:23,570 - 第61步，走一步要花: 17.545785903930664
2025-06-15 22:26:29,015 - 🏆 玩家 2 获胜！
2025-06-15 22:26:34,241 - [进程 3] 第 139 局结束，总步数: 68, 胜者: 2
2025-06-15 22:26:53,511 - 第1步，走一步要花: 18.2703378200531
2025-06-15 22:32:55,587 - 第21步，走一步要花: 17.78373885154724
2025-06-15 22:38:56,830 - 第41步，走一步要花: 17.327927112579346
2025-06-15 22:44:58,357 - 第61步，走一步要花: 18.842913389205933
2025-06-15 22:45:32,965 - 🏆 玩家 1 获胜！
2025-06-15 22:45:37,931 - [进程 3] 第 140 局结束，总步数: 63, 胜者: 1
2025-06-15 22:45:57,422 - 第1步，走一步要花: 18.49041724205017
2025-06-15 22:48:19,041 - 🏆 玩家 1 获胜！
2025-06-15 22:48:23,516 - [进程 3] 第 141 局结束，总步数: 9, 胜者: 1
2025-06-15 22:48:42,654 - 第1步，走一步要花: 18.136096000671387
2025-06-15 22:54:46,119 - 第21步，走一步要花: 18.39396858215332
2025-06-15 23:00:42,458 - 第41步，走一步要花: 17.364961624145508
2025-06-15 23:06:42,218 - 第61步，走一步要花: 18.225773334503174
2025-06-15 23:12:35,397 - 第81步，走一步要花: 17.233349800109863
2025-06-15 23:18:31,391 - 第101步，走一步要花: 16.923164129257202
2025-06-15 23:24:26,853 - 第121步，走一步要花: 18.393715858459473
2025-06-15 23:27:23,296 - 🏆 玩家 1 获胜！
2025-06-15 23:27:28,856 - [进程 3] 第 142 局结束，总步数: 131, 胜者: 1
2025-06-15 23:27:47,861 - 第1步，走一步要花: 18.00294256210327
2025-06-15 23:33:44,804 - 第21步，走一步要花: 17.82475519180298
2025-06-15 23:39:33,396 - 第41步，走一步要花: 18.01638126373291
2025-06-15 23:45:25,149 - 第61步，走一步要花: 18.109766244888306
2025-06-15 23:51:25,647 - 第81步，走一步要花: 18.635584354400635
2025-06-15 23:57:33,568 - 第101步，走一步要花: 18.778184175491333
2025-06-16 00:03:42,291 - 第121步，走一步要花: 18.799805879592896
2025-06-16 00:07:41,117 - 🏆 玩家 2 获胜！
2025-06-16 00:07:46,687 - [进程 3] 第 143 局结束，总步数: 134, 胜者: 2
2025-06-16 00:08:06,794 - 第1步，走一步要花: 19.106390237808228
2025-06-16 00:14:16,649 - 第21步，走一步要花: 17.993876457214355
2025-06-16 00:20:26,621 - 第41步，走一步要花: 18.2125825881958
2025-06-16 00:26:25,753 - 第61步，走一步要花: 18.23556160926819
2025-06-16 00:32:23,723 - 第81步，走一步要花: 18.61879324913025
2025-06-16 00:37:10,599 - 🏆 玩家 1 获胜！
2025-06-16 00:37:16,120 - [进程 3] 第 144 局结束，总步数: 97, 胜者: 1
2025-06-16 00:37:35,228 - 第1步，走一步要花: 18.10661792755127
2025-06-16 00:42:45,989 - 🏆 玩家 2 获胜！
2025-06-16 00:42:51,112 - [进程 3] 第 145 局结束，总步数: 18, 胜者: 2
2025-06-16 00:43:10,764 - 第1步，走一步要花: 18.651994466781616
2025-06-16 00:49:18,986 - 第21步，走一步要花: 18.28532600402832
2025-06-16 00:55:11,947 - 第41步，走一步要花: 17.808191537857056
2025-06-16 01:01:02,979 - 第61步，走一步要花: 18.13795566558838
2025-06-16 01:02:12,913 - 🏆 玩家 1 获胜！
2025-06-16 01:02:18,280 - [进程 3] 第 146 局结束，总步数: 65, 胜者: 1
2025-06-16 01:02:37,566 - 第1步，走一步要花: 18.284867763519287
2025-06-16 01:08:37,242 - 第21步，走一步要花: 18.423455476760864
2025-06-16 01:14:36,500 - 第41步，走一步要花: 18.39303684234619
2025-06-16 01:20:37,443 - 第61步，走一步要花: 17.978790283203125
2025-06-16 01:23:55,261 - 🏆 玩家 2 获胜！
2025-06-16 01:24:00,858 - [进程 3] 第 147 局结束，总步数: 72, 胜者: 2
2025-06-16 01:24:19,219 - 第1步，走一步要花: 17.359596014022827
2025-06-16 01:30:24,563 - 第21步，走一步要花: 18.27183985710144
2025-06-16 01:31:57,093 - 🏆 玩家 2 获胜！
2025-06-16 01:32:02,062 - [进程 3] 第 148 局结束，总步数: 26, 胜者: 2
2025-06-16 01:32:21,310 - 第1步，走一步要花: 18.24808144569397
2025-06-16 01:38:29,838 - 第21步，走一步要花: 18.265743017196655
2025-06-16 01:44:33,809 - 第41步，走一步要花: 18.219862937927246
2025-06-16 01:50:33,207 - 第61步，走一步要花: 17.27434730529785
2025-06-16 01:50:51,181 - 🏆 玩家 2 获胜！
2025-06-16 01:50:56,252 - [进程 3] 第 149 局结束，总步数: 62, 胜者: 2
2025-06-16 01:51:15,048 - 第1步，走一步要花: 17.796228408813477
2025-06-16 01:57:25,194 - 第21步，走一步要花: 18.607643365859985
2025-06-16 02:03:33,193 - 第41步，走一步要花: 18.4637348651886
2025-06-16 02:09:36,520 - 第61步，走一步要花: 17.13382577896118
2025-06-16 02:15:29,926 - 第81步，走一步要花: 17.59440040588379
2025-06-16 02:18:09,996 - 🏆 玩家 2 获胜！
2025-06-16 02:18:15,509 - [进程 3] 第 150 局结束，总步数: 90, 胜者: 2
2025-06-16 02:18:34,976 - 第1步，走一步要花: 18.46737241744995
2025-06-16 02:24:40,407 - 第21步，走一步要花: 18.769582509994507
2025-06-16 02:30:44,246 - 第41步，走一步要花: 18.03573441505432
2025-06-16 02:36:46,690 - 第61步，走一步要花: 17.529911756515503
2025-06-16 02:42:42,399 - 第81步，走一步要花: 17.109055757522583
2025-06-16 02:47:45,907 - 🏆 玩家 2 获胜！
2025-06-16 02:47:51,319 - [进程 3] 第 151 局结束，总步数: 98, 胜者: 2
2025-06-16 02:48:11,047 - 第1步，走一步要花: 18.728456258773804
2025-06-16 02:54:18,171 - 第21步，走一步要花: 18.26531410217285
2025-06-16 03:00:23,503 - 第41步，走一步要花: 17.428202152252197
2025-06-16 03:06:14,788 - 第61步，走一步要花: 17.420689344406128
2025-06-16 03:10:33,598 - 🏆 玩家 2 获胜！
2025-06-16 03:10:39,253 - [进程 3] 第 152 局结束，总步数: 76, 胜者: 2
2025-06-16 03:10:58,996 - 第1步，走一步要花: 18.743211030960083
2025-06-16 03:17:11,186 - 第21步，走一步要花: 18.290876865386963
2025-06-16 03:23:18,892 - 第41步，走一步要花: 18.76374316215515
2025-06-16 03:24:13,732 - 🏆 玩家 2 获胜！
2025-06-16 03:24:19,224 - [进程 3] 第 153 局结束，总步数: 44, 胜者: 2
2025-06-16 03:24:38,452 - 第1步，走一步要花: 18.227799654006958
2025-06-16 03:30:38,552 - 第21步，走一步要花: 17.776652336120605
2025-06-16 03:36:38,933 - 第41步，走一步要花: 17.964627742767334
2025-06-16 03:42:41,399 - 第61步，走一步要花: 18.057403087615967
2025-06-16 03:48:38,397 - 第81步，走一步要花: 17.763474702835083
2025-06-16 03:54:40,668 - 第101步，走一步要花: 18.039302825927734
2025-06-16 03:58:47,224 - 🏆 玩家 1 获胜！
2025-06-16 03:58:53,096 - [进程 3] 第 154 局结束，总步数: 115, 胜者: 1
2025-06-16 03:59:12,051 - 第1步，走一步要花: 17.954848766326904
2025-06-16 04:05:19,479 - 第21步，走一步要花: 18.301162242889404
2025-06-16 04:11:23,762 - 第41步，走一步要花: 18.14361071586609
2025-06-16 04:17:33,307 - 第61步，走一步要花: 18.67406988143921
2025-06-16 04:23:45,161 - 第81步，走一步要花: 18.82660222053528
2025-06-16 04:29:50,552 - 第101步，走一步要花: 19.304381370544434
2025-06-16 04:33:45,846 - 🏆 玩家 2 获胜！
2025-06-16 04:33:52,969 - [进程 3] 第 155 局结束，总步数: 114, 胜者: 2
2025-06-16 04:34:12,738 - 第1步，走一步要花: 18.76819944381714
2025-06-16 04:40:20,106 - 第21步，走一步要花: 18.879226684570312
2025-06-16 04:46:23,293 - 第41步，走一步要花: 18.445140838623047
2025-06-16 04:52:30,149 - 第61步，走一步要花: 18.073044300079346
2025-06-16 04:58:34,440 - 第81步，走一步要花: 17.77363157272339
2025-06-16 05:04:40,193 - 第101步，走一步要花: 17.673068046569824
2025-06-16 05:10:33,295 - 第121步，走一步要花: 17.27336883544922
2025-06-16 05:16:22,813 - 第141步，走一步要花: 18.109035968780518
2025-06-16 05:22:13,684 - 第161步，走一步要花: 17.953956127166748
2025-06-16 05:28:03,725 - 第181步，走一步要花: 17.89914345741272
2025-06-16 05:33:52,985 - 第201步，走一步要花: 16.66159415245056
2025-06-16 05:39:35,006 - 第221步，走一步要花: 17.84552574157715
2025-06-16 05:40:08,962 - 🏆 玩家 1 获胜！
2025-06-16 05:40:17,161 - [进程 3] 第 156 局结束，总步数: 223, 胜者: 1
2025-06-16 05:40:36,412 - 第1步，走一步要花: 18.250547647476196
2025-06-16 05:46:36,270 - 第21步，走一步要花: 18.205517292022705
2025-06-16 05:52:36,809 - 第41步，走一步要花: 17.374237298965454
2025-06-16 05:58:26,571 - 第61步，走一步要花: 17.600670099258423
2025-06-16 06:02:13,572 - 🏆 玩家 2 获胜！
2025-06-16 06:02:19,290 - [进程 3] 第 157 局结束，总步数: 74, 胜者: 2
2025-06-16 06:02:38,433 - 第1步，走一步要花: 18.141822338104248
2025-06-16 06:08:36,154 - 第21步，走一步要花: 17.273738384246826
2025-06-16 06:14:45,936 - 第41步，走一步要花: 18.9024920463562
2025-06-16 06:20:55,917 - 第61步，走一步要花: 18.854592323303223
2025-06-16 06:27:00,348 - 第81步，走一步要花: 18.30349850654602
2025-06-16 06:32:59,550 - 第101步，走一步要花: 17.504448890686035
2025-06-16 06:39:08,881 - 第121步，走一步要花: 18.648350954055786
2025-06-16 06:43:35,746 - 🏆 玩家 2 获胜！
2025-06-16 06:43:43,006 - [进程 3] 第 158 局结束，总步数: 136, 胜者: 2
2025-06-16 06:44:02,234 - 第1步，走一步要花: 18.227038621902466
2025-06-16 06:50:11,260 - 第21步，走一步要花: 17.893598556518555
2025-06-16 06:56:05,582 - 第41步，走一步要花: 18.283493041992188
2025-06-16 07:01:58,535 - 第61步，走一步要花: 17.75300168991089
2025-06-16 07:07:55,953 - 第81步，走一步要花: 17.664337158203125
2025-06-16 07:13:58,431 - 第101步，走一步要花: 17.796980381011963
2025-06-16 07:19:51,274 - 第121步，走一步要花: 17.645222663879395
2025-06-16 07:25:49,239 - 第141步，走一步要花: 17.053991079330444
2025-06-16 07:27:36,991 - 🏆 玩家 1 获胜！
2025-06-16 07:27:45,163 - [进程 3] 第 159 局结束，总步数: 147, 胜者: 1
2025-06-16 07:28:03,919 - 第1步，走一步要花: 17.75602698326111
2025-06-16 07:34:06,297 - 第21步，走一步要花: 18.27631425857544
2025-06-16 07:40:08,117 - 第41步，走一步要花: 17.82899761199951
2025-06-16 07:46:15,676 - 第61步，走一步要花: 19.172353982925415
2025-06-16 07:52:18,997 - 第81步，走一步要花: 18.365201234817505
2025-06-16 07:54:07,172 - 🏆 玩家 1 获胜！
2025-06-16 07:54:15,804 - [进程 3] 第 160 局结束，总步数: 87, 胜者: 1
2025-06-16 07:54:34,996 - 第1步，走一步要花: 18.191751956939697
2025-06-16 08:00:34,253 - 第21步，走一步要花: 18.41268014907837
2025-06-16 08:06:36,343 - 第41步，走一步要花: 18.55013608932495
2025-06-16 08:12:44,686 - 第61步，走一步要花: 18.8629469871521
2025-06-16 08:17:24,685 - [进程 3] 收到中断信号，正在保存最终数据...
2025-06-16 08:17:24,686 - 进程 3 结束.
2025-06-16 10:35:21,470 - __________________________________________
2025-06-16 10:35:21,487 - 进程 3 启动...
2025-06-16 10:35:21,488 - [进程 3] 初始化完成，开始持续采集数据
2025-06-16 10:35:21,488 - 📂 正在加载历史数据: data/data_buffer_process_3.pkl
2025-06-16 10:35:27,846 - 📥 成功加载 160 局, 23018 条数据
2025-06-16 10:35:51,604 - 第1步，走一步要花: 23.75730800628662
2025-06-16 10:44:53,531 - 第21步，走一步要花: 26.486091375350952
2025-06-16 10:53:48,025 - 第41步，走一步要花: 27.08804488182068
2025-06-16 11:02:43,762 - 第61步，走一步要花: 26.812846183776855
2025-06-16 11:11:01,114 - 🏆 玩家 2 获胜！
2025-06-16 11:11:06,534 - [进程 3] 第 161 局结束，总步数: 80, 胜者: 2
2025-06-16 11:11:33,686 - 第1步，走一步要花: 26.151499032974243
2025-06-16 11:20:31,910 - 第21步，走一步要花: 26.720871925354004
2025-06-16 11:25:27,156 - 🏆 玩家 2 获胜！
2025-06-16 11:25:31,926 - [进程 3] 第 162 局结束，总步数: 32, 胜者: 2
2025-06-16 11:25:59,863 - 第1步，走一步要花: 26.937082767486572
2025-06-16 11:34:54,153 - 第21步，走一步要花: 26.79236125946045
2025-06-16 11:44:05,144 - 第41步，走一步要花: 27.93416714668274
2025-06-16 11:53:15,482 - 第61步，走一步要花: 27.951885223388672
2025-06-16 11:55:00,662 - 🏆 玩家 1 获胜！
2025-06-16 11:55:06,042 - [进程 3] 第 163 局结束，总步数: 65, 胜者: 1
2025-06-16 11:55:34,684 - 第1步，走一步要花: 27.640729904174805
2025-06-16 12:04:44,040 - 第21步，走一步要花: 27.300004959106445
2025-06-16 12:08:42,308 - 🏆 玩家 2 获胜！
2025-06-16 12:08:46,974 - [进程 3] 第 164 局结束，总步数: 30, 胜者: 2
2025-06-16 12:09:15,291 - 第1步，走一步要花: 27.31652331352234
2025-06-16 12:18:12,709 - 第21步，走一步要花: 26.475178718566895
2025-06-16 12:18:12,709 - 🏆 玩家 1 获胜！
2025-06-16 12:18:17,267 - [进程 3] 第 165 局结束，总步数: 21, 胜者: 1
2025-06-16 12:18:45,604 - 第1步，走一步要花: 27.335785150527954
2025-06-16 12:27:49,542 - 第21步，走一步要花: 28.097673892974854
2025-06-16 12:36:53,513 - 第41步，走一步要花: 28.190450191497803
2025-06-16 12:42:51,363 - 🏆 玩家 2 获胜！
2025-06-16 12:42:56,157 - [进程 3] 第 166 局结束，总步数: 54, 胜者: 2
2025-06-16 12:43:24,491 - 第1步，走一步要花: 27.333356142044067
2025-06-16 12:52:27,705 - 第21步，走一步要花: 27.84577751159668
2025-06-16 13:01:33,990 - 第41步，走一步要花: 26.925779581069946
2025-06-16 13:10:44,846 - 第61步，走一步要花: 27.187654495239258
2025-06-16 13:19:55,524 - 第81步，走一步要花: 26.95944118499756
2025-06-16 13:29:07,939 - 第101步，走一步要花: 28.896063089370728
2025-06-16 13:38:25,675 - 第121步，走一步要花: 27.320899486541748
2025-06-16 13:47:43,275 - 第141步，走一步要花: 27.29659628868103
2025-06-16 13:56:50,857 - 第161步，走一步要花: 26.664422273635864
2025-06-16 14:05:50,967 - 第181步，走一步要花: 26.357617616653442
2025-06-16 14:14:44,063 - 第201步，走一步要花: 25.642929315567017
2025-06-16 14:23:20,229 - 第221步，走一步要花: 25.89769196510315
2025-06-16 14:24:33,670 - 🏆 玩家 2 获胜！
2025-06-16 14:24:39,632 - [进程 3] 第 167 局结束，总步数: 224, 胜者: 2
2025-06-16 14:25:07,733 - 第1步，走一步要花: 27.101030588150024
2025-06-16 14:34:12,754 - 第21步，走一步要花: 27.049765825271606
2025-06-16 14:42:57,065 - 第41步，走一步要花: 26.247008562088013
2025-06-16 14:52:09,299 - 第61步，走一步要花: 28.05541157722473
2025-06-16 14:53:04,834 - 🏆 玩家 1 获胜！
2025-06-16 14:53:09,907 - [进程 3] 第 168 局结束，总步数: 63, 胜者: 1
2025-06-16 14:53:38,174 - 第1步，走一步要花: 27.26696491241455
2025-06-16 15:02:48,749 - 第21步，走一步要花: 27.01505708694458
2025-06-16 15:06:53,491 - 🏆 玩家 2 获胜！
2025-06-16 15:06:58,517 - [进程 3] 第 169 局结束，总步数: 30, 胜者: 2
2025-06-16 15:07:27,224 - 第1步，走一步要花: 27.705888986587524
2025-06-16 15:17:53,468 - 第21步，走一步要花: 38.936753273010254
2025-06-16 15:27:54,788 - 第41步，走一步要花: 30.133686780929565
2025-06-16 15:33:50,121 - 🏆 玩家 2 获胜！
2025-06-16 15:33:55,386 - [进程 3] 第 170 局结束，总步数: 54, 胜者: 2
2025-06-16 15:34:24,511 - 第1步，走一步要花: 28.124974966049194
