2025-06-17 09:34:24,661 - __________________________________________
2025-06-17 09:34:24,661 - 进程 5 启动...
2025-06-17 09:34:24,661 - [进程 5] 初始化完成，开始持续采集数据
2025-06-17 09:34:46,480 - 第1步，走一步要花: 21.81849479675293
2025-06-17 09:41:39,429 - 第21步，走一步要花: 18.915284156799316
2025-06-17 09:46:44,852 - 玩家 2 获胜
2025-06-17 09:46:45,098 - [进程 5] 第 1 局结束，总步数: 36, 胜者: 2
2025-06-17 09:47:07,091 - 第1步，走一步要花: 20.992677450180054
2025-06-17 09:48:03,421 - [进程 5] 收到中断信号，正在保存最终数据...
2025-06-17 09:48:03,421 - 进程 5 结束.
2025-06-17 09:52:38,756 - __________________________________________
2025-06-17 09:52:38,779 - 进程 5 启动...
2025-06-17 09:52:38,779 - [进程 5] 初始化完成，开始持续采集数据
2025-06-17 09:52:38,780 - 📂 正在加载历史数据: data/data_buffer_process_5.pkl
2025-06-17 09:52:38,802 - 📥 成功加载 1 局, 72 条数据
2025-06-17 09:52:59,662 - 第1步，走一步要花: 20.858211755752563
2025-06-17 09:59:26,761 - 第21步，走一步要花: 17.17254900932312
2025-06-17 10:06:00,720 - 第41步，走一步要花: 19.270634651184082
2025-06-17 10:12:09,085 - 第61步，走一步要花: 17.89488124847412
2025-06-17 10:18:10,889 - 第81步，走一步要花: 19.295645236968994
2025-06-17 11:27:27,010 - [进程 5] 收到中断信号，正在保存最终数据...
2025-06-17 11:27:27,014 - 进程 5 结束.
2025-06-17 11:30:48,775 - __________________________________________
2025-06-17 11:30:48,775 - 进程 5 启动...
2025-06-17 11:30:48,776 - [进程 5] 初始化完成，开始持续采集数据
2025-06-17 11:30:48,776 - 📂 正在加载历史数据: data/data_buffer_process_5.pkl
2025-06-17 11:30:48,805 - 📥 成功加载 1 局, 72 条数据
2025-06-17 11:32:25,460 - __________________________________________
2025-06-17 11:32:25,460 - 进程 5 启动...
2025-06-17 11:32:25,460 - [进程 5] 初始化完成，开始持续采集数据
2025-06-17 11:32:25,460 - 📂 正在加载历史数据: data/data_buffer_process_5.pkl
2025-06-17 11:32:25,475 - 📥 成功加载 1 局, 72 条数据
2025-06-17 11:32:59,981 - __________________________________________
2025-06-17 11:32:59,981 - 进程 5 启动...
2025-06-17 11:32:59,981 - [进程 5] 初始化完成，开始持续采集数据
2025-06-17 11:32:59,981 - 📂 正在加载历史数据: data/data_buffer_process_5.pkl
2025-06-17 11:32:59,993 - 📥 成功加载 1 局, 72 条数据
2025-06-17 11:33:21,053 - 第1步，走一步要花: 21.059181928634644
