2025-06-17 09:34:32,006 - __________________________________________
2025-06-17 09:34:32,006 - 进程 7 启动...
2025-06-17 09:34:32,007 - [进程 7] 初始化完成，开始持续采集数据
2025-06-17 09:34:54,391 - 第1步，走一步要花: 22.38422679901123
2025-06-17 09:42:28,013 - 第21步，走一步要花: 22.2518892288208
2025-06-17 09:45:37,618 - 玩家 2 获胜
2025-06-17 09:45:37,862 - [进程 7] 第 1 局结束，总步数: 30, 胜者: 2
2025-06-17 09:45:59,694 - 第1步，走一步要花: 20.832488775253296
2025-06-17 09:48:03,421 - [进程 7] 收到中断信号，正在保存最终数据...
2025-06-17 09:48:03,421 - 进程 7 结束.
2025-06-17 09:52:45,453 - __________________________________________
2025-06-17 09:52:45,455 - 进程 7 启动...
2025-06-17 09:52:45,455 - [进程 7] 初始化完成，开始持续采集数据
2025-06-17 09:52:45,455 - 📂 正在加载历史数据: data/data_buffer_process_7.pkl
2025-06-17 09:52:45,467 - 📥 成功加载 1 局, 60 条数据
2025-06-17 09:53:07,098 - 第1步，走一步要花: 21.6292507648468
2025-06-17 09:59:59,078 - 第21步，走一步要花: 18.70865821838379
2025-06-17 10:06:38,149 - 第41步，走一步要花: 21.310585975646973
2025-06-17 10:13:49,088 - 第61步，走一步要花: 22.31352472305298
2025-06-17 10:15:57,805 - 玩家 2 获胜
2025-06-17 10:15:58,281 - [进程 7] 第 2 局结束，总步数: 67, 胜者: 2
2025-06-17 10:16:21,012 - 第1步，走一步要花: 21.729702711105347
2025-06-17 10:23:32,787 - 第21步，走一步要花: 23.199969053268433
2025-06-17 10:26:47,721 - 玩家 2 获胜
2025-06-17 10:26:47,978 - [进程 7] 第 3 局结束，总步数: 30, 胜者: 2
2025-06-17 10:27:11,189 - 第1步，走一步要花: 22.210550546646118
2025-06-17 10:34:32,881 - 第21步，走一步要花: 22.297388076782227
2025-06-17 10:41:53,728 - 第41步，走一步要花: 18.97508931159973
2025-06-17 10:48:44,197 - 第61步，走一步要花: 19.870110511779785
2025-06-17 10:55:11,460 - 第81步，走一步要花: 17.89489769935608
2025-06-17 11:27:27,007 - [进程 7] 收到中断信号，正在保存最终数据...
2025-06-17 11:27:27,008 - 进程 7 结束.
2025-06-17 11:30:55,301 - __________________________________________
2025-06-17 11:30:55,302 - 进程 7 启动...
2025-06-17 11:30:55,304 - [进程 7] 初始化完成，开始持续采集数据
2025-06-17 11:30:55,305 - 📂 正在加载历史数据: data/data_buffer_process_7.pkl
2025-06-17 11:30:55,396 - 📥 成功加载 3 局, 254 条数据
2025-06-17 11:32:32,385 - __________________________________________
2025-06-17 11:32:32,385 - 进程 7 启动...
2025-06-17 11:32:32,386 - [进程 7] 初始化完成，开始持续采集数据
2025-06-17 11:32:32,386 - 📂 正在加载历史数据: data/data_buffer_process_7.pkl
2025-06-17 11:32:32,440 - 📥 成功加载 3 局, 254 条数据
2025-06-17 11:33:07,077 - __________________________________________
2025-06-17 11:33:07,077 - 进程 7 启动...
2025-06-17 11:33:07,077 - [进程 7] 初始化完成，开始持续采集数据
2025-06-17 11:33:07,078 - 📂 正在加载历史数据: data/data_buffer_process_7.pkl
2025-06-17 11:33:07,131 - 📥 成功加载 3 局, 254 条数据
2025-06-17 11:33:28,348 - 第1步，走一步要花: 21.21534037590027
