2025-06-13 16:09:09,181 - __________________________________________
2025-06-13 16:09:09,181 - 进程 6 启动...
2025-06-13 16:09:09,182 - [进程 6] 初始化完成，开始持续采集数据
2025-06-13 16:09:29,073 - 第1步，走一步要花: 19.889432668685913
2025-06-13 16:15:24,906 - 第21步，走一步要花: 17.669819593429565
2025-06-13 16:21:31,807 - 第41步，走一步要花: 18.665589809417725
2025-06-13 16:23:48,227 - [进程 6] 收到中断信号，正在保存最终数据...
2025-06-13 16:23:48,228 - 进程 6 结束.
2025-06-13 16:38:52,789 - __________________________________________
2025-06-13 16:38:52,790 - 进程 6 启动...
2025-06-13 16:38:52,790 - [进程 6] 初始化完成，开始持续采集数据
2025-06-13 16:39:10,635 - 第1步，走一步要花: 17.84349298477173
2025-06-13 16:45:11,733 - 第21步，走一步要花: 18.09365677833557
2025-06-13 16:51:08,042 - 第41步，走一步要花: 17.928290367126465
2025-06-13 16:56:48,603 - 🏆 玩家 2 获胜！
2025-06-13 16:56:48,999 - [进程 6] 第 1 局结束，总步数: 60, 胜者: 2
2025-06-13 16:57:07,841 - 第1步，走一步要花: 17.840335845947266
2025-06-13 17:03:14,569 - 第21步，走一步要花: 19.279656648635864
2025-06-13 17:03:39,717 - [进程 6] 收到中断信号，正在保存最终数据...
2025-06-13 17:03:39,718 - 进程 6 结束.
