2025-06-13 16:09:01,528 - __________________________________________
2025-06-13 16:09:01,529 - 进程 4 启动...
2025-06-13 16:09:01,530 - [进程 4] 初始化完成，开始持续采集数据
2025-06-13 16:09:18,595 - 第1步，走一步要花: 17.06507921218872
2025-06-13 16:15:20,940 - 第21步，走一步要花: 18.260302782058716
2025-06-13 16:21:28,883 - 第41步，走一步要花: 18.90683603286743
2025-06-13 16:23:48,227 - [进程 4] 收到中断信号，正在保存最终数据...
2025-06-13 16:23:48,228 - 进程 4 结束.
2025-06-13 16:38:46,571 - __________________________________________
2025-06-13 16:38:46,572 - 进程 4 启动...
2025-06-13 16:38:46,572 - [进程 4] 初始化完成，开始持续采集数据
2025-06-13 16:39:02,579 - 第1步，走一步要花: 16.006433486938477
2025-06-13 16:45:07,571 - 第21步，走一步要花: 19.073989152908325
2025-06-13 16:51:11,155 - 第41步，走一步要花: 18.49910259246826
2025-06-13 16:56:02,077 - 🏆 玩家 1 获胜！
2025-06-13 16:56:02,533 - [进程 4] 第 1 局结束，总步数: 57, 胜者: 1
2025-06-13 16:56:21,751 - 第1步，走一步要花: 18.218118906021118
2025-06-13 17:02:28,854 - 第21步，走一步要花: 18.949657678604126
2025-06-13 17:03:39,719 - [进程 4] 收到中断信号，正在保存最终数据...
2025-06-13 17:03:39,719 - 进程 4 结束.
